生成启动时间为 2014/12/23 18:32:57。
     1>项目“D:\Learning Material\Courses\5\Speech Recognition\code\project1\project1\project1.vcxproj”在节点 2 上(build 个目标)。
     1>InitializeBuildStatus:
         正在创建“Debug\project1.unsuccessfulbuild”，因为已指定“AlwaysCreate”。
       ClCompile:
         d:\Program Files (x86)\Microsoft Visual Studio 10.0\VC\bin\CL.exe /c /ZI /nologo /W3 /WX- /Od /Oy- /D _MBCS /Gm /EHsc /RTC1 /MDd /GS /fp:precise /Zc:wchar_t /Zc:forScope /Fo"Debug\\" /Fd"Debug\vc100.pdb" /Gd /TP /analyze- /errorReport:prompt endpointing.cpp
         endpointing.cpp
     1>d:\learning material\courses\5\speech recognition\code\project1\project1\endpointing.cpp(23): warning C4018: “<”: 有符号/无符号不匹配
       Link:
         d:\Program Files (x86)\Microsoft Visual Studio 10.0\VC\bin\link.exe /ERRORREPORT:PROMPT /OUT:"D:\Learning Material\Courses\5\Speech Recognition\code\project1\Debug\project1.exe" /NOLOGO portaudio_x86.lib kernel32.lib user32.lib gdi32.lib winspool.lib comdlg32.lib advapi32.lib shell32.lib ole32.lib oleaut32.lib uuid.lib odbc32.lib odbccp32.lib /MANIFEST /ManifestFile:"Debug\project1.exe.intermediate.manifest" /MANIFESTUAC:"level='asInvoker' uiAccess='false'" /DEBUG /PDB:"D:\Learning Material\Courses\5\Speech Recognition\code\project1\Debug\project1.pdb" /SUBSYSTEM:CONSOLE /TLBID:1 /DYNAMICBASE /NXCOMPAT /IMPLIB:"D:\Learning Material\Courses\5\Speech Recognition\code\project1\Debug\project1.lib" /MACHINE:X86 Debug\endpointing.obj
         LINK : 没有找到 D:\Learning Material\Courses\5\Speech Recognition\code\project1\Debug\project1.exe 或上一个增量链接没有生成它；正在执行完全链接
         project1.vcxproj -> D:\Learning Material\Courses\5\Speech Recognition\code\project1\Debug\project1.exe
       Manifest:
         C:\Program Files (x86)\Microsoft SDKs\Windows\v7.0A\bin\mt.exe /nologo /verbose /outputresource:"D:\Learning Material\Courses\5\Speech Recognition\code\project1\Debug\project1.exe;#1" /manifest Debug\project1.exe.intermediate.manifest
       FinalizeBuildStatus:
         正在删除文件“Debug\project1.unsuccessfulbuild”。
         正在对“Debug\project1.lastbuildstate”执行 Touch 任务。
     1>已完成生成项目“D:\Learning Material\Courses\5\Speech Recognition\code\project1\project1\project1.vcxproj”(build 个目标)的操作。

生成成功。

已用时间 00:00:00.73
