生成启动时间为 2014/9/7 19:16:14。
     1>项目“D:\Learning Material\Courses\5\Speech Recognition\project\project2\project2\project2.vcxproj”在节点 2 上(build 个目标)。
     1>InitializeBuildStatus:
         正在创建“Debug\project2.unsuccessfulbuild”，因为已指定“AlwaysCreate”。
       ClCompile:
         d:\Program Files (x86)\Microsoft Visual Studio 10.0\VC\bin\CL.exe /c /ZI /nologo /W3 /WX- /Od /Oy- /D _MBCS /Gm /EHsc /RTC1 /MDd /GS /fp:precise /Zc:wchar_t /Zc:forScope /Fo"Debug\\" /Fd"Debug\vc100.pdb" /Gd /TP /analyze- /errorReport:prompt wav2feat.cpp
         wav2feat.cpp
     1>d:\learning material\courses\5\speech recognition\project\project2\project2\wav2feat.cpp(76): warning C4244: “初始化”: 从“double”转换到“int”，可能丢失数据
     1>d:\learning material\courses\5\speech recognition\project\project2\project2\wav2feat.cpp(106): warning C4244: “初始化”: 从“double”转换到“int”，可能丢失数据
     1>d:\learning material\courses\5\speech recognition\project\project2\project2\wav2feat.cpp(106): warning C4244: “初始化”: 从“double”转换到“int”，可能丢失数据
     1>d:\learning material\courses\5\speech recognition\project\project2\project2\wav2feat.cpp(106): warning C4244: “初始化”: 从“double”转换到“int”，可能丢失数据
       Link:
         d:\Program Files (x86)\Microsoft Visual Studio 10.0\VC\bin\link.exe /ERRORREPORT:PROMPT /OUT:"D:\Learning Material\Courses\5\Speech Recognition\project\project2\Debug\project2.exe" /NOLOGO blas.lib libf2c.lib lapack.lib kernel32.lib user32.lib gdi32.lib winspool.lib comdlg32.lib advapi32.lib shell32.lib ole32.lib oleaut32.lib uuid.lib odbc32.lib odbccp32.lib /MANIFEST /ManifestFile:"Debug\project2.exe.intermediate.manifest" /MANIFESTUAC:"level='asInvoker' uiAccess='false'" /DEBUG /PDB:"D:\Learning Material\Courses\5\Speech Recognition\project\project2\Debug\project2.pdb" /SUBSYSTEM:CONSOLE /TLBID:1 /DYNAMICBASE /NXCOMPAT /IMPLIB:"D:\Learning Material\Courses\5\Speech Recognition\project\project2\Debug\project2.lib" /MACHINE:X86 Debug\readwave.obj
         Debug\wav2feat.obj
         LINK : 没有找到 D:\Learning Material\Courses\5\Speech Recognition\project\project2\Debug\project2.exe 或上一个增量链接没有生成它；正在执行完全链接
     1>LINK : warning LNK4098: 默认库“MSVCRT”与其他库的使用冲突；请使用 /NODEFAULTLIB:library
         project2.vcxproj -> D:\Learning Material\Courses\5\Speech Recognition\project\project2\Debug\project2.exe
       Manifest:
         C:\Program Files (x86)\Microsoft SDKs\Windows\v7.0A\bin\mt.exe /nologo /verbose /outputresource:"D:\Learning Material\Courses\5\Speech Recognition\project\project2\Debug\project2.exe;#1" /manifest Debug\project2.exe.intermediate.manifest
       FinalizeBuildStatus:
         正在删除文件“Debug\project2.unsuccessfulbuild”。
         正在对“Debug\project2.lastbuildstate”执行 Touch 任务。
     1>已完成生成项目“D:\Learning Material\Courses\5\Speech Recognition\project\project2\project2\project2.vcxproj”(build 个目标)的操作。

生成成功。

已用时间 00:00:02.11
